{"content": {"suites": {"0": {"status": {"total_pass": 0, "total_skip": 0, "total_xpass": 0, "total_xfail": 0, "total_rerun": 0, "total_fail": 10, "total_error": 0}, "tests": {"0": {"status": "FAIL", "message": "   FileNotFoundError: [Errno 2] No such file or directory: 'p7zip-full.deb'\n", "test_name": "test_step1", "rerun": "0"}, "1": {"status": "FAIL", "message": "   AssertionError: test2 FAIL\n   assert (False)\n", "test_name": "test_step2", "rerun": "0"}, "2": {"status": "FAIL", "message": "   AssertionError: test3 FAIL\n   assert False\n    +  where False = all([False, False, False, False, False, False, ...])\n", "test_name": "test_step3", "rerun": "0"}, "3": {"status": "FAIL", "message": "   AssertionError: test4 FAIL\n   assert False\n    +  where False = ssh_checkout('0.0.0.0', 'user2', '11', 'cd /home/user2/out; 7z t arx2.7z', 'Everything is Ok')\n    +    where 'cd /home/user2/out; 7z t arx2.7z' = <built-in method format of str object at 0x7efff3072420>('/home/user2/out')\n    +      where <built-in method format of str object at 0x7efff3072420> = 'cd {}; 7z t arx2.7z'.format\n", "test_name": "test_step4", "rerun": "0"}, "4": {"status": "FAIL", "message": "   AssertionError: test5 FAIL\n   assert False\n    +  where False = ssh_checkout('0.0.0.0', 'user2', '11', 'cd /home/user2/tst; 7z u arx2.7z', 'Everything is Ok')\n    +    where 'cd /home/user2/tst; 7z u arx2.7z' = <built-in method format of str object at 0x7efff3071bb0>('/home/user2/tst')\n    +      where <built-in method format of str object at 0x7efff3071bb0> = 'cd {}; 7z u arx2.7z'.format\n", "test_name": "test_step5", "rerun": "0"}, "5": {"status": "FAIL", "message": "   AssertionError: test6 FAIL\n   assert False\n    +  where False = all([False, False, False, False, False, False])\n", "test_name": "test_step6", "rerun": "0"}, "6": {"status": "FAIL", "message": "   AssertionError: test7 FAIL\n   assert False\n    +  where False = all([False, False, False, False, False, False, ...])\n", "test_name": "test_step7", "rerun": "0"}, "7": {"status": "FAIL", "message": "   AssertionError: test8 FAIL\n   assert False\n    +  where False = ssh_checkout('0.0.0.0', 'user2', '11', 'cd /home/user2/out; 7z d arx.7z', 'Everything is Ok')\n    +    where 'cd /home/user2/out; 7z d arx.7z' = <built-in method format of str object at 0x7efff3071fc0>('/home/user2/out')\n    +      where <built-in method format of str object at 0x7efff3071fc0> = 'cd {}; 7z d arx.7z'.format\n", "test_name": "test_step8", "rerun": "0"}, "8": {"status": "FAIL", "message": "   AssertionError: test9 FAIL\n   assert False\n    +  where False = all([False, False, False, False, False, False, ...])\n", "test_name": "test_step9", "rerun": "0"}, "9": {"status": "FAIL", "message": "   AssertionError: test10 FAIL\n   assert False\n    +  where False = all([False, True])\n", "test_name": "test_step10", "rerun": "0"}}, "suite_name": "test_1.py"}, "1": {"suite_name": "test_2.py", "tests": {"0": {"status": "FAIL", "message": "   AssertionError: test1 FAIL\n   assert False\n    +  where False = ssh_checkout_negative('0.0.0.0', 'user2', '11', 'cd /home/user2/out; 7z e arxbad.zip -o/home/user2/folder1 -y', 'ERROR:')\n    +    where 'cd /home/user2/out; 7z e arxbad.zip -o/home/user2/folder1 -y' = <built-in method format of str object at 0x7efff3073280>('/home/user2/out', 'arxbad', 'zip', '/home/user2/folder1')\n    +      where <built-in method format of str object at 0x7efff3073280> = 'cd {}; 7z e {}.{} -o{} -y'.format\n", "test_name": "test_nstep1", "rerun": "0"}, "1": {"status": "FAIL", "message": "   AssertionError: test2 FAIL\n   assert False\n    +  where False = ssh_checkout_negative('0.0.0.0', 'user2', '11', 'cd /home/user2/out; 7z t arxbad.zip', 'ERROR:')\n    +    where 'cd /home/user2/out; 7z t arxbad.zip' = <built-in method format of str object at 0x7efff3073460>('/home/user2/out', 'arxbad', 'zip')\n    +      where <built-in method format of str object at 0x7efff3073460> = 'cd {}; 7z t {}.{}'.format\n", "test_name": "test_nstep2", "rerun": "0"}, "2": {"status": "FAIL", "message": "   AssertionError: test3 FAIL\n   assert False\n    +  where False = all([False, True])\n", "test_name": "test_nstep3", "rerun": "0"}}, "status": {"total_pass": 0, "total_skip": 0, "total_xpass": 0, "total_xfail": 0, "total_rerun": 0, "total_fail": 3, "total_error": 0}}}}, "date": "April 28, 2023", "start_time": 1682712230.9461281, "total_suite": 2, "status": "FAIL", "status_list": {"pass": "0", "fail": "13", "skip": "0", "error": "0", "xpass": "0", "xfail": "0", "rerun": "0"}, "total_tests": "13"}