{"content": {"suites": {"0": {"status": {"total_pass": 10, "total_skip": 0, "total_xpass": 0, "total_xfail": 0, "total_rerun": 0, "total_fail": 0, "total_error": 0}, "tests": {"0": {"status": "PASS", "message": "", "test_name": "test_step1", "rerun": "0"}, "1": {"status": "PASS", "message": "", "test_name": "test_step2", "rerun": "0"}, "2": {"status": "PASS", "message": "", "test_name": "test_step3", "rerun": "0"}, "3": {"status": "PASS", "message": "", "test_name": "test_step4", "rerun": "0"}, "4": {"status": "PASS", "message": "", "test_name": "test_step5", "rerun": "0"}, "5": {"status": "PASS", "message": "", "test_name": "test_step6", "rerun": "0"}, "6": {"status": "PASS", "message": "", "test_name": "test_step7", "rerun": "0"}, "7": {"status": "PASS", "message": "", "test_name": "test_step8", "rerun": "0"}, "8": {"status": "PASS", "message": "", "test_name": "test_step9", "rerun": "0"}, "9": {"status": "PASS", "message": "", "test_name": "test_step10", "rerun": "0"}}, "suite_name": "test_1.py"}, "1": {"suite_name": "test_2.py", "tests": {"0": {"status": "FAIL", "message": "   AssertionError: test1 FAIL\n   assert False\n    +  where False = ssh_checkout_negative('0.0.0.0', 'user2', '11', 'cd /home/user2/out; 7z e arxbad.zip -o/home/user2/folder1 -y', 'ERROR:')\n    +    where 'cd /home/user2/out; 7z e arxbad.zip -o/home/user2/folder1 -y' = <built-in method format of str object at 0x7f4d1eacf3c0>('/home/user2/out', 'arxbad', 'zip', '/home/user2/folder1')\n    +      where <built-in method format of str object at 0x7f4d1eacf3c0> = 'cd {}; 7z e {}.{} -o{} -y'.format\n", "test_name": "test_nstep1", "rerun": "0"}, "1": {"status": "FAIL", "message": "   AssertionError: test2 FAIL\n   assert False\n    +  where False = ssh_checkout_negative('0.0.0.0', 'user2', '11', 'cd /home/user2/out; 7z t arxbad.zip', 'ERROR:')\n    +    where 'cd /home/user2/out; 7z t arxbad.zip' = <built-in method format of str object at 0x7f4d1eacf5a0>('/home/user2/out', 'arxbad', 'zip')\n    +      where <built-in method format of str object at 0x7f4d1eacf5a0> = 'cd {}; 7z t {}.{}'.format\n", "test_name": "test_nstep2", "rerun": "0"}, "2": {"status": "FAIL", "message": "   AssertionError: test3 FAIL\n   assert False\n    +  where False = all([False, True])\n", "test_name": "test_nstep3", "rerun": "0"}}, "status": {"total_pass": 0, "total_skip": 0, "total_xpass": 0, "total_xfail": 0, "total_rerun": 0, "total_fail": 3, "total_error": 0}}}}, "date": "April 28, 2023", "start_time": 1682713228.2770548, "total_suite": 2, "status": "FAIL", "status_list": {"pass": "10", "fail": "3", "skip": "0", "error": "0", "xpass": "0", "xfail": "0", "rerun": "0"}, "total_tests": "13"}